[2020-03-09 09:59:34,889] INFO Registered kafka:type=kafka.Log4jController MBean (kafka.utils.Log4jControllerRegistration$)
[2020-03-09 09:59:35,420] INFO starting (kafka.server.KafkaServer)
[2020-03-09 09:59:35,421] INFO Connecting to zookeeper on 10.205.35.242:2181,10.205.35.243:2181,10.205.35.244:2181 (kafka.server.KafkaServer)
[2020-03-09 09:59:35,441] INFO [ZooKeeperClient] Initializing a new session to 10.205.35.242:2181,10.205.35.243:2181,10.205.35.244:2181. (kafka.zookeeper.ZooKeeperClient)
[2020-03-09 09:59:35,446] INFO Client environment:zookeeper.version=3.4.13-2d71af4dbe22557fda74f9a9b4309b15a7487f03, built on 06/29/2018 00:39 GMT (org.apache.zookeeper.ZooKeeper)
[2020-03-09 09:59:35,446] INFO Client environment:host.name=ka-node1 (org.apache.zookeeper.ZooKeeper)
[2020-03-09 09:59:35,446] INFO Client environment:java.version=1.8.0_242 (org.apache.zookeeper.ZooKeeper)
[2020-03-09 09:59:35,446] INFO Client environment:java.vendor=Private Build (org.apache.zookeeper.ZooKeeper)
[2020-03-09 09:59:35,446] INFO Client environment:java.home=/usr/lib/jvm/java-8-openjdk-amd64/jre (org.apache.zookeeper.ZooKeeper)
[2020-03-09 09:59:35,446] INFO Client environment:java.class.path=/usr/local/kafka-cluster/bin/../libs/activation-1.1.1.jar:/usr/local/kafka-cluster/bin/../libs/aopalliance-repackaged-2.5.0-b42.jar:/usr/local/kafka-cluster/bin/../libs/argparse4j-0.7.0.jar:/usr/local/kafka-cluster/bin/../libs/audience-annotations-0.5.0.jar:/usr/local/kafka-cluster/bin/../libs/commons-lang3-3.8.1.jar:/usr/local/kafka-cluster/bin/../libs/connect-api-2.2.0.jar:/usr/local/kafka-cluster/bin/../libs/connect-basic-auth-extension-2.2.0.jar:/usr/local/kafka-cluster/bin/../libs/connect-file-2.2.0.jar:/usr/local/kafka-cluster/bin/../libs/connect-json-2.2.0.jar:/usr/local/kafka-cluster/bin/../libs/connect-runtime-2.2.0.jar:/usr/local/kafka-cluster/bin/../libs/connect-transforms-2.2.0.jar:/usr/local/kafka-cluster/bin/../libs/guava-20.0.jar:/usr/local/kafka-cluster/bin/../libs/hk2-api-2.5.0-b42.jar:/usr/local/kafka-cluster/bin/../libs/hk2-locator-2.5.0-b42.jar:/usr/local/kafka-cluster/bin/../libs/hk2-utils-2.5.0-b42.jar:/usr/local/kafka-cluster/bin/../libs/jackson-annotations-2.9.8.jar:/usr/local/kafka-cluster/bin/../libs/jackson-core-2.9.8.jar:/usr/local/kafka-cluster/bin/../libs/jackson-databind-2.9.8.jar:/usr/local/kafka-cluster/bin/../libs/jackson-datatype-jdk8-2.9.8.jar:/usr/local/kafka-cluster/bin/../libs/jackson-jaxrs-base-2.9.8.jar:/usr/local/kafka-cluster/bin/../libs/jackson-jaxrs-json-provider-2.9.8.jar:/usr/local/kafka-cluster/bin/../libs/jackson-module-jaxb-annotations-2.9.8.jar:/usr/local/kafka-cluster/bin/../libs/javassist-3.22.0-CR2.jar:/usr/local/kafka-cluster/bin/../libs/javax.annotation-api-1.2.jar:/usr/local/kafka-cluster/bin/../libs/javax.inject-1.jar:/usr/local/kafka-cluster/bin/../libs/javax.inject-2.5.0-b42.jar:/usr/local/kafka-cluster/bin/../libs/javax.servlet-api-3.1.0.jar:/usr/local/kafka-cluster/bin/../libs/javax.ws.rs-api-2.1.1.jar:/usr/local/kafka-cluster/bin/../libs/javax.ws.rs-api-2.1.jar:/usr/local/kafka-cluster/bin/../libs/jaxb-api-2.3.0.jar:/usr/local/kafka-cluster/bin/../libs/jersey-client-2.27.jar:/usr/local/kafka-cluster/bin/../libs/jersey-common-2.27.jar:/usr/local/kafka-cluster/bin/../libs/jersey-container-servlet-2.27.jar:/usr/local/kafka-cluster/bin/../libs/jersey-container-servlet-core-2.27.jar:/usr/local/kafka-cluster/bin/../libs/jersey-hk2-2.27.jar:/usr/local/kafka-cluster/bin/../libs/jersey-media-jaxb-2.27.jar:/usr/local/kafka-cluster/bin/../libs/jersey-server-2.27.jar:/usr/local/kafka-cluster/bin/../libs/jetty-client-9.4.14.v20181114.jar:/usr/local/kafka-cluster/bin/../libs/jetty-continuation-9.4.14.v20181114.jar:/usr/local/kafka-cluster/bin/../libs/jetty-http-9.4.14.v20181114.jar:/usr/local/kafka-cluster/bin/../libs/jetty-io-9.4.14.v20181114.jar:/usr/local/kafka-cluster/bin/../libs/jetty-security-9.4.14.v20181114.jar:/usr/local/kafka-cluster/bin/../libs/jetty-server-9.4.14.v20181114.jar:/usr/local/kafka-cluster/bin/../libs/jetty-servlet-9.4.14.v20181114.jar:/usr/local/kafka-cluster/bin/../libs/jetty-servlets-9.4.14.v20181114.jar:/usr/local/kafka-cluster/bin/../libs/jetty-util-9.4.14.v20181114.jar:/usr/local/kafka-cluster/bin/../libs/jopt-simple-5.0.4.jar:/usr/local/kafka-cluster/bin/../libs/kafka_2.11-2.2.0.jar:/usr/local/kafka-cluster/bin/../libs/kafka_2.11-2.2.0-sources.jar:/usr/local/kafka-cluster/bin/../libs/kafka-clients-2.2.0.jar:/usr/local/kafka-cluster/bin/../libs/kafka-log4j-appender-2.2.0.jar:/usr/local/kafka-cluster/bin/../libs/kafka-streams-2.2.0.jar:/usr/local/kafka-cluster/bin/../libs/kafka-streams-examples-2.2.0.jar:/usr/local/kafka-cluster/bin/../libs/kafka-streams-scala_2.11-2.2.0.jar:/usr/local/kafka-cluster/bin/../libs/kafka-streams-test-utils-2.2.0.jar:/usr/local/kafka-cluster/bin/../libs/kafka-tools-2.2.0.jar:/usr/local/kafka-cluster/bin/../libs/log4j-1.2.17.jar:/usr/local/kafka-cluster/bin/../libs/lz4-java-1.5.0.jar:/usr/local/kafka-cluster/bin/../libs/maven-artifact-3.6.0.jar:/usr/local/kafka-cluster/bin/../libs/metrics-core-2.2.0.jar:/usr/local/kafka-cluster/bin/../libs/osgi-resource-locator-1.0.1.jar:/usr/local/kafka-cluster/bin/../libs/plexus-utils-3.1.0.jar:/usr/local/kafka-cluster/bin/../libs/reflections-0.9.11.jar:/usr/local/kafka-cluster/bin/../libs/rocksdbjni-5.15.10.jar:/usr/local/kafka-cluster/bin/../libs/scala-library-2.11.12.jar:/usr/local/kafka-cluster/bin/../libs/scala-logging_2.11-3.9.0.jar:/usr/local/kafka-cluster/bin/../libs/scala-reflect-2.11.12.jar:/usr/local/kafka-cluster/bin/../libs/slf4j-api-1.7.25.jar:/usr/local/kafka-cluster/bin/../libs/slf4j-log4j12-1.7.25.jar:/usr/local/kafka-cluster/bin/../libs/snappy-java-1.1.7.2.jar:/usr/local/kafka-cluster/bin/../libs/validation-api-1.1.0.Final.jar:/usr/local/kafka-cluster/bin/../libs/zkclient-0.11.jar:/usr/local/kafka-cluster/bin/../libs/zookeeper-3.4.13.jar:/usr/local/kafka-cluster/bin/../libs/zstd-jni-1.3.8-1.jar (org.apache.zookeeper.ZooKeeper)
[2020-03-09 09:59:35,447] INFO Client environment:java.library.path=/usr/java/packages/lib/amd64:/usr/lib/x86_64-linux-gnu/jni:/lib/x86_64-linux-gnu:/usr/lib/x86_64-linux-gnu:/usr/lib/jni:/lib:/usr/lib (org.apache.zookeeper.ZooKeeper)
[2020-03-09 09:59:35,447] INFO Client environment:java.io.tmpdir=/tmp (org.apache.zookeeper.ZooKeeper)
[2020-03-09 09:59:35,447] INFO Client environment:java.compiler=<NA> (org.apache.zookeeper.ZooKeeper)
[2020-03-09 09:59:35,447] INFO Client environment:os.name=Linux (org.apache.zookeeper.ZooKeeper)
[2020-03-09 09:59:35,447] INFO Client environment:os.arch=amd64 (org.apache.zookeeper.ZooKeeper)
[2020-03-09 09:59:35,447] INFO Client environment:os.version=4.15.0-1055-gcp (org.apache.zookeeper.ZooKeeper)
[2020-03-09 09:59:35,447] INFO Client environment:user.name=root (org.apache.zookeeper.ZooKeeper)
[2020-03-09 09:59:35,447] INFO Client environment:user.home=/root (org.apache.zookeeper.ZooKeeper)
[2020-03-09 09:59:35,447] INFO Client environment:user.dir=/usr/local/kafka-cluster/bin (org.apache.zookeeper.ZooKeeper)
[2020-03-09 09:59:35,448] INFO Initiating client connection, connectString=10.205.35.242:2181,10.205.35.243:2181,10.205.35.244:2181 sessionTimeout=6000 watcher=kafka.zookeeper.ZooKeeperClient$ZooKeeperClientWatcher$@6aeb35e6 (org.apache.zookeeper.ZooKeeper)
[2020-03-09 09:59:35,462] INFO Opening socket connection to server ka-node3/10.205.35.244:2181. Will not attempt to authenticate using SASL (unknown error) (org.apache.zookeeper.ClientCnxn)
[2020-03-09 09:59:35,465] INFO [ZooKeeperClient] Waiting until connected. (kafka.zookeeper.ZooKeeperClient)
[2020-03-09 09:59:35,472] INFO Socket connection established to ka-node3/10.205.35.244:2181, initiating session (org.apache.zookeeper.ClientCnxn)
[2020-03-09 09:59:35,482] INFO Session establishment complete on server ka-node3/10.205.35.244:2181, sessionid = 0x2001060e2700001, negotiated timeout = 6000 (org.apache.zookeeper.ClientCnxn)
[2020-03-09 09:59:35,486] INFO [ZooKeeperClient] Connected. (kafka.zookeeper.ZooKeeperClient)
[2020-03-09 09:59:35,841] INFO Cluster ID = Dw22XE7lTZ6CT9XqLuiF5Q (kafka.server.KafkaServer)
[2020-03-09 09:59:35,927] INFO KafkaConfig values: 
	advertised.host.name = null
	advertised.listeners = null
	advertised.port = null
	alter.config.policy.class.name = null
	alter.log.dirs.replication.quota.window.num = 11
	alter.log.dirs.replication.quota.window.size.seconds = 1
	authorizer.class.name = 
	auto.create.topics.enable = true
	auto.leader.rebalance.enable = true
	background.threads = 10
	broker.id = 0
	broker.id.generation.enable = true
	broker.rack = null
	client.quota.callback.class = null
	compression.type = producer
	connection.failed.authentication.delay.ms = 100
	connections.max.idle.ms = 600000
	connections.max.reauth.ms = 0
	control.plane.listener.name = null
	controlled.shutdown.enable = true
	controlled.shutdown.max.retries = 3
	controlled.shutdown.retry.backoff.ms = 5000
	controller.socket.timeout.ms = 30000
	create.topic.policy.class.name = null
	default.replication.factor = 1
	delegation.token.expiry.check.interval.ms = 3600000
	delegation.token.expiry.time.ms = 86400000
	delegation.token.master.key = null
	delegation.token.max.lifetime.ms = 604800000
	delete.records.purgatory.purge.interval.requests = 1
	delete.topic.enable = true
	fetch.purgatory.purge.interval.requests = 1000
	group.initial.rebalance.delay.ms = 0
	group.max.session.timeout.ms = 300000
	group.max.size = 2147483647
	group.min.session.timeout.ms = 6000
	host.name = 
	inter.broker.listener.name = null
	inter.broker.protocol.version = 2.2-IV1
	kafka.metrics.polling.interval.secs = 10
	kafka.metrics.reporters = []
	leader.imbalance.check.interval.seconds = 300
	leader.imbalance.per.broker.percentage = 10
	listener.security.protocol.map = PLAINTEXT:PLAINTEXT,SSL:SSL,SASL_PLAINTEXT:SASL_PLAINTEXT,SASL_SSL:SASL_SSL
	listeners = PLAINTEXT://10.205.35.242:9092
	log.cleaner.backoff.ms = 15000
	log.cleaner.dedupe.buffer.size = 134217728
	log.cleaner.delete.retention.ms = 86400000
	log.cleaner.enable = true
	log.cleaner.io.buffer.load.factor = 0.9
	log.cleaner.io.buffer.size = 524288
	log.cleaner.io.max.bytes.per.second = 1.7976931348623157E308
	log.cleaner.min.cleanable.ratio = 0.5
	log.cleaner.min.compaction.lag.ms = 0
	log.cleaner.threads = 1
	log.cleanup.policy = [delete]
	log.dir = /tmp/kafka-logs
	log.dirs = /tmp/kafka-logs
	log.flush.interval.messages = 9223372036854775807
	log.flush.interval.ms = null
	log.flush.offset.checkpoint.interval.ms = 60000
	log.flush.scheduler.interval.ms = 9223372036854775807
	log.flush.start.offset.checkpoint.interval.ms = 60000
	log.index.interval.bytes = 4096
	log.index.size.max.bytes = 10485760
	log.message.downconversion.enable = true
	log.message.format.version = 2.2-IV1
	log.message.timestamp.difference.max.ms = 9223372036854775807
	log.message.timestamp.type = CreateTime
	log.preallocate = false
	log.retention.bytes = -1
	log.retention.check.interval.ms = 300000
	log.retention.hours = 168
	log.retention.minutes = null
	log.retention.ms = null
	log.roll.hours = 168
	log.roll.jitter.hours = 0
	log.roll.jitter.ms = null
	log.roll.ms = null
	log.segment.bytes = 1073741824
	log.segment.delete.delay.ms = 60000
	max.connections.per.ip = 2147483647
	max.connections.per.ip.overrides = 
	max.incremental.fetch.session.cache.slots = 1000
	message.max.bytes = 1000012
	metric.reporters = []
	metrics.num.samples = 2
	metrics.recording.level = INFO
	metrics.sample.window.ms = 30000
	min.insync.replicas = 1
	num.io.threads = 8
	num.network.threads = 3
	num.partitions = 1
	num.recovery.threads.per.data.dir = 1
	num.replica.alter.log.dirs.threads = null
	num.replica.fetchers = 1
	offset.metadata.max.bytes = 4096
	offsets.commit.required.acks = -1
	offsets.commit.timeout.ms = 5000
	offsets.load.buffer.size = 5242880
	offsets.retention.check.interval.ms = 600000
	offsets.retention.minutes = 10080
	offsets.topic.compression.codec = 0
	offsets.topic.num.partitions = 50
	offsets.topic.replication.factor = 1
	offsets.topic.segment.bytes = 104857600
	password.encoder.cipher.algorithm = AES/CBC/PKCS5Padding
	password.encoder.iterations = 4096
	password.encoder.key.length = 128
	password.encoder.keyfactory.algorithm = null
	password.encoder.old.secret = null
	password.encoder.secret = null
	port = 9092
	principal.builder.class = null
	producer.purgatory.purge.interval.requests = 1000
	queued.max.request.bytes = -1
	queued.max.requests = 500
	quota.consumer.default = 9223372036854775807
	quota.producer.default = 9223372036854775807
	quota.window.num = 11
	quota.window.size.seconds = 1
	replica.fetch.backoff.ms = 1000
	replica.fetch.max.bytes = 1048576
	replica.fetch.min.bytes = 1
	replica.fetch.response.max.bytes = 10485760
	replica.fetch.wait.max.ms = 500
	replica.high.watermark.checkpoint.interval.ms = 5000
	replica.lag.time.max.ms = 10000
	replica.socket.receive.buffer.bytes = 65536
	replica.socket.timeout.ms = 30000
	replication.quota.window.num = 11
	replication.quota.window.size.seconds = 1
	request.timeout.ms = 30000
	reserved.broker.max.id = 1000
	sasl.client.callback.handler.class = null
	sasl.enabled.mechanisms = [GSSAPI]
	sasl.jaas.config = null
	sasl.kerberos.kinit.cmd = /usr/bin/kinit
	sasl.kerberos.min.time.before.relogin = 60000
	sasl.kerberos.principal.to.local.rules = [DEFAULT]
	sasl.kerberos.service.name = null
	sasl.kerberos.ticket.renew.jitter = 0.05
	sasl.kerberos.ticket.renew.window.factor = 0.8
	sasl.login.callback.handler.class = null
	sasl.login.class = null
	sasl.login.refresh.buffer.seconds = 300
	sasl.login.refresh.min.period.seconds = 60
	sasl.login.refresh.window.factor = 0.8
	sasl.login.refresh.window.jitter = 0.05
	sasl.mechanism.inter.broker.protocol = GSSAPI
	sasl.server.callback.handler.class = null
	security.inter.broker.protocol = PLAINTEXT
	socket.receive.buffer.bytes = 102400
	socket.request.max.bytes = 104857600
	socket.send.buffer.bytes = 102400
	ssl.cipher.suites = []
	ssl.client.auth = none
	ssl.enabled.protocols = [TLSv1.2, TLSv1.1, TLSv1]
	ssl.endpoint.identification.algorithm = https
	ssl.key.password = null
	ssl.keymanager.algorithm = SunX509
	ssl.keystore.location = null
	ssl.keystore.password = null
	ssl.keystore.type = JKS
	ssl.principal.mapping.rules = [DEFAULT]
	ssl.protocol = TLS
	ssl.provider = null
	ssl.secure.random.implementation = null
	ssl.trustmanager.algorithm = PKIX
	ssl.truststore.location = null
	ssl.truststore.password = null
	ssl.truststore.type = JKS
	transaction.abort.timed.out.transaction.cleanup.interval.ms = 60000
	transaction.max.timeout.ms = 900000
	transaction.remove.expired.transaction.cleanup.interval.ms = 3600000
	transaction.state.log.load.buffer.size = 5242880
	transaction.state.log.min.isr = 1
	transaction.state.log.num.partitions = 50
	transaction.state.log.replication.factor = 1
	transaction.state.log.segment.bytes = 104857600
	transactional.id.expiration.ms = 604800000
	unclean.leader.election.enable = false
	zookeeper.connect = 10.205.35.242:2181,10.205.35.243:2181,10.205.35.244:2181
	zookeeper.connection.timeout.ms = 6000
	zookeeper.max.in.flight.requests = 10
	zookeeper.session.timeout.ms = 6000
	zookeeper.set.acl = false
	zookeeper.sync.time.ms = 2000
 (kafka.server.KafkaConfig)
[2020-03-09 09:59:35,942] INFO KafkaConfig values: 
	advertised.host.name = null
	advertised.listeners = null
	advertised.port = null
	alter.config.policy.class.name = null
	alter.log.dirs.replication.quota.window.num = 11
	alter.log.dirs.replication.quota.window.size.seconds = 1
	authorizer.class.name = 
	auto.create.topics.enable = true
	auto.leader.rebalance.enable = true
	background.threads = 10
	broker.id = 0
	broker.id.generation.enable = true
	broker.rack = null
	client.quota.callback.class = null
	compression.type = producer
	connection.failed.authentication.delay.ms = 100
	connections.max.idle.ms = 600000
	connections.max.reauth.ms = 0
	control.plane.listener.name = null
	controlled.shutdown.enable = true
	controlled.shutdown.max.retries = 3
	controlled.shutdown.retry.backoff.ms = 5000
	controller.socket.timeout.ms = 30000
	create.topic.policy.class.name = null
	default.replication.factor = 1
	delegation.token.expiry.check.interval.ms = 3600000
	delegation.token.expiry.time.ms = 86400000
	delegation.token.master.key = null
	delegation.token.max.lifetime.ms = 604800000
	delete.records.purgatory.purge.interval.requests = 1
	delete.topic.enable = true
	fetch.purgatory.purge.interval.requests = 1000
	group.initial.rebalance.delay.ms = 0
	group.max.session.timeout.ms = 300000
	group.max.size = 2147483647
	group.min.session.timeout.ms = 6000
	host.name = 
	inter.broker.listener.name = null
	inter.broker.protocol.version = 2.2-IV1
	kafka.metrics.polling.interval.secs = 10
	kafka.metrics.reporters = []
	leader.imbalance.check.interval.seconds = 300
	leader.imbalance.per.broker.percentage = 10
	listener.security.protocol.map = PLAINTEXT:PLAINTEXT,SSL:SSL,SASL_PLAINTEXT:SASL_PLAINTEXT,SASL_SSL:SASL_SSL
	listeners = PLAINTEXT://10.205.35.242:9092
	log.cleaner.backoff.ms = 15000
	log.cleaner.dedupe.buffer.size = 134217728
	log.cleaner.delete.retention.ms = 86400000
	log.cleaner.enable = true
	log.cleaner.io.buffer.load.factor = 0.9
	log.cleaner.io.buffer.size = 524288
	log.cleaner.io.max.bytes.per.second = 1.7976931348623157E308
	log.cleaner.min.cleanable.ratio = 0.5
	log.cleaner.min.compaction.lag.ms = 0
	log.cleaner.threads = 1
	log.cleanup.policy = [delete]
	log.dir = /tmp/kafka-logs
	log.dirs = /tmp/kafka-logs
	log.flush.interval.messages = 9223372036854775807
	log.flush.interval.ms = null
	log.flush.offset.checkpoint.interval.ms = 60000
	log.flush.scheduler.interval.ms = 9223372036854775807
	log.flush.start.offset.checkpoint.interval.ms = 60000
	log.index.interval.bytes = 4096
	log.index.size.max.bytes = 10485760
	log.message.downconversion.enable = true
	log.message.format.version = 2.2-IV1
	log.message.timestamp.difference.max.ms = 9223372036854775807
	log.message.timestamp.type = CreateTime
	log.preallocate = false
	log.retention.bytes = -1
	log.retention.check.interval.ms = 300000
	log.retention.hours = 168
	log.retention.minutes = null
	log.retention.ms = null
	log.roll.hours = 168
	log.roll.jitter.hours = 0
	log.roll.jitter.ms = null
	log.roll.ms = null
	log.segment.bytes = 1073741824
	log.segment.delete.delay.ms = 60000
	max.connections.per.ip = 2147483647
	max.connections.per.ip.overrides = 
	max.incremental.fetch.session.cache.slots = 1000
	message.max.bytes = 1000012
	metric.reporters = []
	metrics.num.samples = 2
	metrics.recording.level = INFO
	metrics.sample.window.ms = 30000
	min.insync.replicas = 1
	num.io.threads = 8
	num.network.threads = 3
	num.partitions = 1
	num.recovery.threads.per.data.dir = 1
	num.replica.alter.log.dirs.threads = null
	num.replica.fetchers = 1
	offset.metadata.max.bytes = 4096
	offsets.commit.required.acks = -1
	offsets.commit.timeout.ms = 5000
	offsets.load.buffer.size = 5242880
	offsets.retention.check.interval.ms = 600000
	offsets.retention.minutes = 10080
	offsets.topic.compression.codec = 0
	offsets.topic.num.partitions = 50
	offsets.topic.replication.factor = 1
	offsets.topic.segment.bytes = 104857600
	password.encoder.cipher.algorithm = AES/CBC/PKCS5Padding
	password.encoder.iterations = 4096
	password.encoder.key.length = 128
	password.encoder.keyfactory.algorithm = null
	password.encoder.old.secret = null
	password.encoder.secret = null
	port = 9092
	principal.builder.class = null
	producer.purgatory.purge.interval.requests = 1000
	queued.max.request.bytes = -1
	queued.max.requests = 500
	quota.consumer.default = 9223372036854775807
	quota.producer.default = 9223372036854775807
	quota.window.num = 11
	quota.window.size.seconds = 1
	replica.fetch.backoff.ms = 1000
	replica.fetch.max.bytes = 1048576
	replica.fetch.min.bytes = 1
	replica.fetch.response.max.bytes = 10485760
	replica.fetch.wait.max.ms = 500
	replica.high.watermark.checkpoint.interval.ms = 5000
	replica.lag.time.max.ms = 10000
	replica.socket.receive.buffer.bytes = 65536
	replica.socket.timeout.ms = 30000
	replication.quota.window.num = 11
	replication.quota.window.size.seconds = 1
	request.timeout.ms = 30000
	reserved.broker.max.id = 1000
	sasl.client.callback.handler.class = null
	sasl.enabled.mechanisms = [GSSAPI]
	sasl.jaas.config = null
	sasl.kerberos.kinit.cmd = /usr/bin/kinit
	sasl.kerberos.min.time.before.relogin = 60000
	sasl.kerberos.principal.to.local.rules = [DEFAULT]
	sasl.kerberos.service.name = null
	sasl.kerberos.ticket.renew.jitter = 0.05
	sasl.kerberos.ticket.renew.window.factor = 0.8
	sasl.login.callback.handler.class = null
	sasl.login.class = null
	sasl.login.refresh.buffer.seconds = 300
	sasl.login.refresh.min.period.seconds = 60
	sasl.login.refresh.window.factor = 0.8
	sasl.login.refresh.window.jitter = 0.05
	sasl.mechanism.inter.broker.protocol = GSSAPI
	sasl.server.callback.handler.class = null
	security.inter.broker.protocol = PLAINTEXT
	socket.receive.buffer.bytes = 102400
	socket.request.max.bytes = 104857600
	socket.send.buffer.bytes = 102400
	ssl.cipher.suites = []
	ssl.client.auth = none
	ssl.enabled.protocols = [TLSv1.2, TLSv1.1, TLSv1]
	ssl.endpoint.identification.algorithm = https
	ssl.key.password = null
	ssl.keymanager.algorithm = SunX509
	ssl.keystore.location = null
	ssl.keystore.password = null
	ssl.keystore.type = JKS
	ssl.principal.mapping.rules = [DEFAULT]
	ssl.protocol = TLS
	ssl.provider = null
	ssl.secure.random.implementation = null
	ssl.trustmanager.algorithm = PKIX
	ssl.truststore.location = null
	ssl.truststore.password = null
	ssl.truststore.type = JKS
	transaction.abort.timed.out.transaction.cleanup.interval.ms = 60000
	transaction.max.timeout.ms = 900000
	transaction.remove.expired.transaction.cleanup.interval.ms = 3600000
	transaction.state.log.load.buffer.size = 5242880
	transaction.state.log.min.isr = 1
	transaction.state.log.num.partitions = 50
	transaction.state.log.replication.factor = 1
	transaction.state.log.segment.bytes = 104857600
	transactional.id.expiration.ms = 604800000
	unclean.leader.election.enable = false
	zookeeper.connect = 10.205.35.242:2181,10.205.35.243:2181,10.205.35.244:2181
	zookeeper.connection.timeout.ms = 6000
	zookeeper.max.in.flight.requests = 10
	zookeeper.session.timeout.ms = 6000
	zookeeper.set.acl = false
	zookeeper.sync.time.ms = 2000
 (kafka.server.KafkaConfig)
[2020-03-09 09:59:35,968] INFO [ThrottledChannelReaper-Fetch]: Starting (kafka.server.ClientQuotaManager$ThrottledChannelReaper)
[2020-03-09 09:59:35,970] INFO [ThrottledChannelReaper-Produce]: Starting (kafka.server.ClientQuotaManager$ThrottledChannelReaper)
[2020-03-09 09:59:35,973] INFO [ThrottledChannelReaper-Request]: Starting (kafka.server.ClientQuotaManager$ThrottledChannelReaper)
[2020-03-09 09:59:36,006] INFO Loading logs. (kafka.log.LogManager)
[2020-03-09 09:59:36,072] INFO [Log partition=__consumer_offsets-33, dir=/tmp/kafka-logs] Loading producer state till offset 0 with message format version 2 (kafka.log.Log)
[2020-03-09 09:59:36,087] INFO [Log partition=__consumer_offsets-33, dir=/tmp/kafka-logs] Completed load of log with 1 segments, log start offset 0 and log end offset 0 in 62 ms (kafka.log.Log)
[2020-03-09 09:59:36,102] INFO [Log partition=__consumer_offsets-39, dir=/tmp/kafka-logs] Loading producer state till offset 0 with message format version 2 (kafka.log.Log)
[2020-03-09 09:59:36,103] INFO [Log partition=__consumer_offsets-39, dir=/tmp/kafka-logs] Completed load of log with 1 segments, log start offset 0 and log end offset 0 in 8 ms (kafka.log.Log)
[2020-03-09 09:59:36,119] INFO [Log partition=__consumer_offsets-36, dir=/tmp/kafka-logs] Loading producer state till offset 0 with message format version 2 (kafka.log.Log)
[2020-03-09 09:59:36,120] INFO [Log partition=__consumer_offsets-36, dir=/tmp/kafka-logs] Completed load of log with 1 segments, log start offset 0 and log end offset 0 in 12 ms (kafka.log.Log)
[2020-03-09 09:59:36,131] INFO [Log partition=__consumer_offsets-27, dir=/tmp/kafka-logs] Loading producer state till offset 0 with message format version 2 (kafka.log.Log)
[2020-03-09 09:59:36,131] INFO [Log partition=__consumer_offsets-27, dir=/tmp/kafka-logs] Completed load of log with 1 segments, log start offset 0 and log end offset 0 in 8 ms (kafka.log.Log)
[2020-03-09 09:59:36,142] INFO [Log partition=__consumer_offsets-6, dir=/tmp/kafka-logs] Loading producer state till offset 0 with message format version 2 (kafka.log.Log)
[2020-03-09 09:59:36,142] INFO [Log partition=__consumer_offsets-6, dir=/tmp/kafka-logs] Completed load of log with 1 segments, log start offset 0 and log end offset 0 in 5 ms (kafka.log.Log)
[2020-03-09 09:59:36,152] INFO [Log partition=__consumer_offsets-0, dir=/tmp/kafka-logs] Loading producer state till offset 0 with message format version 2 (kafka.log.Log)
[2020-03-09 09:59:36,152] INFO [Log partition=__consumer_offsets-0, dir=/tmp/kafka-logs] Completed load of log with 1 segments, log start offset 0 and log end offset 0 in 6 ms (kafka.log.Log)
[2020-03-09 09:59:36,163] INFO [Log partition=__consumer_offsets-3, dir=/tmp/kafka-logs] Loading producer state till offset 0 with message format version 2 (kafka.log.Log)
[2020-03-09 09:59:36,163] INFO [Log partition=__consumer_offsets-3, dir=/tmp/kafka-logs] Completed load of log with 1 segments, log start offset 0 and log end offset 0 in 7 ms (kafka.log.Log)
[2020-03-09 09:59:36,177] INFO [Log partition=__consumer_offsets-9, dir=/tmp/kafka-logs] Loading producer state till offset 0 with message format version 2 (kafka.log.Log)
[2020-03-09 09:59:36,178] INFO [Log partition=__consumer_offsets-9, dir=/tmp/kafka-logs] Completed load of log with 1 segments, log start offset 0 and log end offset 0 in 6 ms (kafka.log.Log)
[2020-03-09 09:59:36,191] INFO [Log partition=__consumer_offsets-12, dir=/tmp/kafka-logs] Loading producer state till offset 0 with message format version 2 (kafka.log.Log)
[2020-03-09 09:59:36,191] INFO [Log partition=__consumer_offsets-12, dir=/tmp/kafka-logs] Completed load of log with 1 segments, log start offset 0 and log end offset 0 in 9 ms (kafka.log.Log)
[2020-03-09 09:59:36,206] INFO [Log partition=__consumer_offsets-24, dir=/tmp/kafka-logs] Loading producer state till offset 0 with message format version 2 (kafka.log.Log)
[2020-03-09 09:59:36,206] INFO [Log partition=__consumer_offsets-24, dir=/tmp/kafka-logs] Completed load of log with 1 segments, log start offset 0 and log end offset 0 in 6 ms (kafka.log.Log)
[2020-03-09 09:59:36,219] INFO [Log partition=__consumer_offsets-48, dir=/tmp/kafka-logs] Loading producer state till offset 0 with message format version 2 (kafka.log.Log)
[2020-03-09 09:59:36,219] INFO [Log partition=__consumer_offsets-48, dir=/tmp/kafka-logs] Completed load of log with 1 segments, log start offset 0 and log end offset 0 in 5 ms (kafka.log.Log)
[2020-03-09 09:59:36,231] INFO [Log partition=__consumer_offsets-21, dir=/tmp/kafka-logs] Loading producer state till offset 0 with message format version 2 (kafka.log.Log)
[2020-03-09 09:59:36,231] INFO [Log partition=__consumer_offsets-21, dir=/tmp/kafka-logs] Completed load of log with 1 segments, log start offset 0 and log end offset 0 in 7 ms (kafka.log.Log)
[2020-03-09 09:59:36,242] INFO [Log partition=__consumer_offsets-18, dir=/tmp/kafka-logs] Loading producer state till offset 0 with message format version 2 (kafka.log.Log)
[2020-03-09 09:59:36,243] INFO [Log partition=__consumer_offsets-18, dir=/tmp/kafka-logs] Completed load of log with 1 segments, log start offset 0 and log end offset 0 in 6 ms (kafka.log.Log)
[2020-03-09 09:59:36,251] INFO [Log partition=__consumer_offsets-42, dir=/tmp/kafka-logs] Loading producer state till offset 0 with message format version 2 (kafka.log.Log)
[2020-03-09 09:59:36,252] INFO [Log partition=__consumer_offsets-42, dir=/tmp/kafka-logs] Completed load of log with 1 segments, log start offset 0 and log end offset 0 in 7 ms (kafka.log.Log)
[2020-03-09 09:59:36,264] INFO [Log partition=__consumer_offsets-30, dir=/tmp/kafka-logs] Loading producer state till offset 0 with message format version 2 (kafka.log.Log)
[2020-03-09 09:59:36,265] INFO [Log partition=__consumer_offsets-30, dir=/tmp/kafka-logs] Completed load of log with 1 segments, log start offset 0 and log end offset 0 in 10 ms (kafka.log.Log)
[2020-03-09 09:59:36,273] INFO [Log partition=__consumer_offsets-15, dir=/tmp/kafka-logs] Loading producer state till offset 0 with message format version 2 (kafka.log.Log)
[2020-03-09 09:59:36,273] INFO [Log partition=__consumer_offsets-15, dir=/tmp/kafka-logs] Completed load of log with 1 segments, log start offset 0 and log end offset 0 in 7 ms (kafka.log.Log)
[2020-03-09 09:59:36,280] INFO [Log partition=__consumer_offsets-45, dir=/tmp/kafka-logs] Loading producer state till offset 0 with message format version 2 (kafka.log.Log)
[2020-03-09 09:59:36,280] INFO [Log partition=__consumer_offsets-45, dir=/tmp/kafka-logs] Completed load of log with 1 segments, log start offset 0 and log end offset 0 in 5 ms (kafka.log.Log)
[2020-03-09 09:59:36,285] INFO Logs loading complete in 278 ms. (kafka.log.LogManager)
[2020-03-09 09:59:36,364] INFO Starting log cleanup with a period of 300000 ms. (kafka.log.LogManager)
[2020-03-09 09:59:36,370] INFO Starting log flusher with a default period of 9223372036854775807 ms. (kafka.log.LogManager)
[2020-03-09 09:59:37,029] INFO Awaiting socket connections on s10.205.35.242:9092. (kafka.network.Acceptor)
[2020-03-09 09:59:37,091] INFO [SocketServer brokerId=0] Created data-plane acceptor and processors for endpoint : EndPoint(10.205.35.242,9092,ListenerName(PLAINTEXT),PLAINTEXT) (kafka.network.SocketServer)
[2020-03-09 09:59:37,093] INFO [SocketServer brokerId=0] Started 1 acceptor threads for data-plane (kafka.network.SocketServer)
[2020-03-09 09:59:37,132] INFO [ExpirationReaper-0-Produce]: Starting (kafka.server.DelayedOperationPurgatory$ExpiredOperationReaper)
[2020-03-09 09:59:37,134] INFO [ExpirationReaper-0-Fetch]: Starting (kafka.server.DelayedOperationPurgatory$ExpiredOperationReaper)
[2020-03-09 09:59:37,139] INFO [ExpirationReaper-0-DeleteRecords]: Starting (kafka.server.DelayedOperationPurgatory$ExpiredOperationReaper)
[2020-03-09 09:59:37,145] INFO [ExpirationReaper-0-ElectPreferredLeader]: Starting (kafka.server.DelayedOperationPurgatory$ExpiredOperationReaper)
[2020-03-09 09:59:37,157] INFO [LogDirFailureHandler]: Starting (kafka.server.ReplicaManager$LogDirFailureHandler)
[2020-03-09 09:59:37,253] INFO Creating /brokers/ids/0 (is it secure? false) (kafka.zk.KafkaZkClient)
[2020-03-09 09:59:37,300] INFO Stat of the created znode at /brokers/ids/0 is: 21474836502,21474836502,1583747977278,1583747977278,1,0,0,144133196377751553,196,0,21474836502
 (kafka.zk.KafkaZkClient)
[2020-03-09 09:59:37,300] INFO Registered broker 0 at path /brokers/ids/0 with addresses: ArrayBuffer(EndPoint(10.205.35.242,9092,ListenerName(PLAINTEXT),PLAINTEXT)), czxid (broker epoch): 21474836502 (kafka.zk.KafkaZkClient)
[2020-03-09 09:59:37,381] INFO [ExpirationReaper-0-topic]: Starting (kafka.server.DelayedOperationPurgatory$ExpiredOperationReaper)
[2020-03-09 09:59:37,382] INFO [ExpirationReaper-0-Heartbeat]: Starting (kafka.server.DelayedOperationPurgatory$ExpiredOperationReaper)
[2020-03-09 09:59:37,390] INFO [ExpirationReaper-0-Rebalance]: Starting (kafka.server.DelayedOperationPurgatory$ExpiredOperationReaper)
[2020-03-09 09:59:37,437] INFO [GroupCoordinator 0]: Starting up. (kafka.coordinator.group.GroupCoordinator)
[2020-03-09 09:59:37,447] INFO [GroupCoordinator 0]: Startup complete. (kafka.coordinator.group.GroupCoordinator)
[2020-03-09 09:59:37,459] INFO [GroupMetadataManager brokerId=0] Removed 0 expired offsets in 1 milliseconds. (kafka.coordinator.group.GroupMetadataManager)
[2020-03-09 09:59:37,506] INFO [ProducerId Manager 0]: Acquired new producerId block (brokerId:0,blockStartProducerId:4000,blockEndProducerId:4999) by writing to Zk with path version 5 (kafka.coordinator.transaction.ProducerIdManager)
[2020-03-09 09:59:37,609] INFO [TransactionCoordinator id=0] Starting up. (kafka.coordinator.transaction.TransactionCoordinator)
[2020-03-09 09:59:37,621] INFO [TransactionCoordinator id=0] Startup complete. (kafka.coordinator.transaction.TransactionCoordinator)
[2020-03-09 09:59:37,625] INFO [Transaction Marker Channel Manager 0]: Starting (kafka.coordinator.transaction.TransactionMarkerChannelManager)
[2020-03-09 09:59:37,742] INFO [/config/changes-event-process-thread]: Starting (kafka.common.ZkNodeChangeNotificationListener$ChangeEventProcessThread)
[2020-03-09 09:59:37,809] INFO [SocketServer brokerId=0] Started data-plane processors for 1 acceptors (kafka.network.SocketServer)
[2020-03-09 09:59:37,815] INFO Kafka version: 2.2.0 (org.apache.kafka.common.utils.AppInfoParser)
[2020-03-09 09:59:37,815] INFO Kafka commitId: 05fcfde8f69b0349 (org.apache.kafka.common.utils.AppInfoParser)
[2020-03-09 09:59:37,816] INFO [KafkaServer id=0] started (kafka.server.KafkaServer)
[2020-03-09 09:59:37,955] INFO [ReplicaFetcherManager on broker 0] Removed fetcher for partitions Set(__consumer_offsets-30, __consumer_offsets-21, __consumer_offsets-27, __consumer_offsets-9, __consumer_offsets-33, __consumer_offsets-36, __consumer_offsets-42, __consumer_offsets-3, __consumer_offsets-18, __consumer_offsets-15, __consumer_offsets-24, __consumer_offsets-48, __consumer_offsets-6, __consumer_offsets-0, __consumer_offsets-39, __consumer_offsets-12, __consumer_offsets-45) (kafka.server.ReplicaFetcherManager)
[2020-03-09 09:59:37,985] INFO Replica loaded for partition __consumer_offsets-0 with initial high watermark 0 (kafka.cluster.Replica)
[2020-03-09 09:59:37,992] INFO [Partition __consumer_offsets-0 broker=0] __consumer_offsets-0 starts at Leader Epoch 0 from offset 0. Previous Leader Epoch was: -1 (kafka.cluster.Partition)
[2020-03-09 09:59:38,036] INFO Replica loaded for partition __consumer_offsets-48 with initial high watermark 0 (kafka.cluster.Replica)
[2020-03-09 09:59:38,036] INFO [Partition __consumer_offsets-48 broker=0] __consumer_offsets-48 starts at Leader Epoch 0 from offset 0. Previous Leader Epoch was: -1 (kafka.cluster.Partition)
[2020-03-09 09:59:38,052] INFO Replica loaded for partition __consumer_offsets-45 with initial high watermark 0 (kafka.cluster.Replica)
[2020-03-09 09:59:38,052] INFO [Partition __consumer_offsets-45 broker=0] __consumer_offsets-45 starts at Leader Epoch 0 from offset 0. Previous Leader Epoch was: -1 (kafka.cluster.Partition)
[2020-03-09 09:59:38,062] INFO Replica loaded for partition __consumer_offsets-42 with initial high watermark 0 (kafka.cluster.Replica)
[2020-03-09 09:59:38,062] INFO [Partition __consumer_offsets-42 broker=0] __consumer_offsets-42 starts at Leader Epoch 0 from offset 0. Previous Leader Epoch was: -1 (kafka.cluster.Partition)
[2020-03-09 09:59:38,074] INFO Replica loaded for partition __consumer_offsets-39 with initial high watermark 0 (kafka.cluster.Replica)
[2020-03-09 09:59:38,075] INFO [Partition __consumer_offsets-39 broker=0] __consumer_offsets-39 starts at Leader Epoch 0 from offset 0. Previous Leader Epoch was: -1 (kafka.cluster.Partition)
[2020-03-09 09:59:38,095] INFO Replica loaded for partition __consumer_offsets-36 with initial high watermark 0 (kafka.cluster.Replica)
[2020-03-09 09:59:38,095] INFO [Partition __consumer_offsets-36 broker=0] __consumer_offsets-36 starts at Leader Epoch 0 from offset 0. Previous Leader Epoch was: -1 (kafka.cluster.Partition)
[2020-03-09 09:59:38,103] INFO Replica loaded for partition __consumer_offsets-33 with initial high watermark 0 (kafka.cluster.Replica)
[2020-03-09 09:59:38,103] INFO [Partition __consumer_offsets-33 broker=0] __consumer_offsets-33 starts at Leader Epoch 0 from offset 0. Previous Leader Epoch was: -1 (kafka.cluster.Partition)
[2020-03-09 09:59:38,111] INFO Replica loaded for partition __consumer_offsets-30 with initial high watermark 0 (kafka.cluster.Replica)
[2020-03-09 09:59:38,111] INFO [Partition __consumer_offsets-30 broker=0] __consumer_offsets-30 starts at Leader Epoch 0 from offset 0. Previous Leader Epoch was: -1 (kafka.cluster.Partition)
[2020-03-09 09:59:38,126] INFO Replica loaded for partition __consumer_offsets-27 with initial high watermark 0 (kafka.cluster.Replica)
[2020-03-09 09:59:38,126] INFO [Partition __consumer_offsets-27 broker=0] __consumer_offsets-27 starts at Leader Epoch 0 from offset 0. Previous Leader Epoch was: -1 (kafka.cluster.Partition)
[2020-03-09 09:59:38,134] INFO Replica loaded for partition __consumer_offsets-24 with initial high watermark 0 (kafka.cluster.Replica)
[2020-03-09 09:59:38,134] INFO [Partition __consumer_offsets-24 broker=0] __consumer_offsets-24 starts at Leader Epoch 0 from offset 0. Previous Leader Epoch was: -1 (kafka.cluster.Partition)
[2020-03-09 09:59:38,141] INFO Replica loaded for partition __consumer_offsets-21 with initial high watermark 0 (kafka.cluster.Replica)
[2020-03-09 09:59:38,142] INFO [Partition __consumer_offsets-21 broker=0] __consumer_offsets-21 starts at Leader Epoch 0 from offset 0. Previous Leader Epoch was: -1 (kafka.cluster.Partition)
[2020-03-09 09:59:38,148] INFO Replica loaded for partition __consumer_offsets-18 with initial high watermark 0 (kafka.cluster.Replica)
[2020-03-09 09:59:38,148] INFO [Partition __consumer_offsets-18 broker=0] __consumer_offsets-18 starts at Leader Epoch 0 from offset 0. Previous Leader Epoch was: -1 (kafka.cluster.Partition)
[2020-03-09 09:59:38,154] INFO Replica loaded for partition __consumer_offsets-15 with initial high watermark 0 (kafka.cluster.Replica)
[2020-03-09 09:59:38,155] INFO [Partition __consumer_offsets-15 broker=0] __consumer_offsets-15 starts at Leader Epoch 0 from offset 0. Previous Leader Epoch was: -1 (kafka.cluster.Partition)
[2020-03-09 09:59:38,164] INFO Replica loaded for partition __consumer_offsets-12 with initial high watermark 0 (kafka.cluster.Replica)
[2020-03-09 09:59:38,164] INFO [Partition __consumer_offsets-12 broker=0] __consumer_offsets-12 starts at Leader Epoch 0 from offset 0. Previous Leader Epoch was: -1 (kafka.cluster.Partition)
[2020-03-09 09:59:38,170] INFO Replica loaded for partition __consumer_offsets-9 with initial high watermark 0 (kafka.cluster.Replica)
[2020-03-09 09:59:38,170] INFO [Partition __consumer_offsets-9 broker=0] __consumer_offsets-9 starts at Leader Epoch 0 from offset 0. Previous Leader Epoch was: -1 (kafka.cluster.Partition)
[2020-03-09 09:59:38,179] INFO Replica loaded for partition __consumer_offsets-6 with initial high watermark 0 (kafka.cluster.Replica)
[2020-03-09 09:59:38,179] INFO [Partition __consumer_offsets-6 broker=0] __consumer_offsets-6 starts at Leader Epoch 0 from offset 0. Previous Leader Epoch was: -1 (kafka.cluster.Partition)
[2020-03-09 09:59:38,187] INFO Replica loaded for partition __consumer_offsets-3 with initial high watermark 0 (kafka.cluster.Replica)
[2020-03-09 09:59:38,187] INFO [Partition __consumer_offsets-3 broker=0] __consumer_offsets-3 starts at Leader Epoch 0 from offset 0. Previous Leader Epoch was: -1 (kafka.cluster.Partition)
[2020-03-09 09:59:38,203] INFO [GroupMetadataManager brokerId=0] Scheduling loading of offsets and group metadata from __consumer_offsets-0 (kafka.coordinator.group.GroupMetadataManager)
[2020-03-09 09:59:38,209] INFO [GroupMetadataManager brokerId=0] Scheduling loading of offsets and group metadata from __consumer_offsets-3 (kafka.coordinator.group.GroupMetadataManager)
[2020-03-09 09:59:38,209] INFO [GroupMetadataManager brokerId=0] Scheduling loading of offsets and group metadata from __consumer_offsets-6 (kafka.coordinator.group.GroupMetadataManager)
[2020-03-09 09:59:38,209] INFO [GroupMetadataManager brokerId=0] Scheduling loading of offsets and group metadata from __consumer_offsets-9 (kafka.coordinator.group.GroupMetadataManager)
[2020-03-09 09:59:38,209] INFO [GroupMetadataManager brokerId=0] Scheduling loading of offsets and group metadata from __consumer_offsets-12 (kafka.coordinator.group.GroupMetadataManager)
[2020-03-09 09:59:38,209] INFO [GroupMetadataManager brokerId=0] Scheduling loading of offsets and group metadata from __consumer_offsets-15 (kafka.coordinator.group.GroupMetadataManager)
[2020-03-09 09:59:38,209] INFO [GroupMetadataManager brokerId=0] Scheduling loading of offsets and group metadata from __consumer_offsets-18 (kafka.coordinator.group.GroupMetadataManager)
[2020-03-09 09:59:38,213] INFO [GroupMetadataManager brokerId=0] Scheduling loading of offsets and group metadata from __consumer_offsets-21 (kafka.coordinator.group.GroupMetadataManager)
[2020-03-09 09:59:38,213] INFO [GroupMetadataManager brokerId=0] Scheduling loading of offsets and group metadata from __consumer_offsets-24 (kafka.coordinator.group.GroupMetadataManager)
[2020-03-09 09:59:38,213] INFO [GroupMetadataManager brokerId=0] Scheduling loading of offsets and group metadata from __consumer_offsets-27 (kafka.coordinator.group.GroupMetadataManager)
[2020-03-09 09:59:38,214] INFO [GroupMetadataManager brokerId=0] Scheduling loading of offsets and group metadata from __consumer_offsets-30 (kafka.coordinator.group.GroupMetadataManager)
[2020-03-09 09:59:38,214] INFO [GroupMetadataManager brokerId=0] Scheduling loading of offsets and group metadata from __consumer_offsets-33 (kafka.coordinator.group.GroupMetadataManager)
[2020-03-09 09:59:38,214] INFO [GroupMetadataManager brokerId=0] Scheduling loading of offsets and group metadata from __consumer_offsets-36 (kafka.coordinator.group.GroupMetadataManager)
[2020-03-09 09:59:38,214] INFO [GroupMetadataManager brokerId=0] Scheduling loading of offsets and group metadata from __consumer_offsets-39 (kafka.coordinator.group.GroupMetadataManager)
[2020-03-09 09:59:38,215] INFO [GroupMetadataManager brokerId=0] Scheduling loading of offsets and group metadata from __consumer_offsets-42 (kafka.coordinator.group.GroupMetadataManager)
[2020-03-09 09:59:38,215] INFO [GroupMetadataManager brokerId=0] Scheduling loading of offsets and group metadata from __consumer_offsets-45 (kafka.coordinator.group.GroupMetadataManager)
[2020-03-09 09:59:38,215] INFO [GroupMetadataManager brokerId=0] Scheduling loading of offsets and group metadata from __consumer_offsets-48 (kafka.coordinator.group.GroupMetadataManager)
[2020-03-09 09:59:38,217] INFO [GroupMetadataManager brokerId=0] Finished loading offsets and group metadata from __consumer_offsets-0 in 13 milliseconds. (kafka.coordinator.group.GroupMetadataManager)
[2020-03-09 09:59:38,231] INFO [GroupMetadataManager brokerId=0] Finished loading offsets and group metadata from __consumer_offsets-3 in 0 milliseconds. (kafka.coordinator.group.GroupMetadataManager)
[2020-03-09 09:59:38,232] INFO [GroupMetadataManager brokerId=0] Finished loading offsets and group metadata from __consumer_offsets-6 in 1 milliseconds. (kafka.coordinator.group.GroupMetadataManager)
[2020-03-09 09:59:38,232] INFO [GroupMetadataManager brokerId=0] Finished loading offsets and group metadata from __consumer_offsets-9 in 0 milliseconds. (kafka.coordinator.group.GroupMetadataManager)
[2020-03-09 09:59:38,232] INFO [GroupMetadataManager brokerId=0] Finished loading offsets and group metadata from __consumer_offsets-12 in 0 milliseconds. (kafka.coordinator.group.GroupMetadataManager)
[2020-03-09 09:59:38,232] INFO [GroupMetadataManager brokerId=0] Finished loading offsets and group metadata from __consumer_offsets-15 in 0 milliseconds. (kafka.coordinator.group.GroupMetadataManager)
[2020-03-09 09:59:38,232] INFO [GroupMetadataManager brokerId=0] Finished loading offsets and group metadata from __consumer_offsets-18 in 0 milliseconds. (kafka.coordinator.group.GroupMetadataManager)
[2020-03-09 09:59:38,232] INFO [GroupMetadataManager brokerId=0] Finished loading offsets and group metadata from __consumer_offsets-21 in 0 milliseconds. (kafka.coordinator.group.GroupMetadataManager)
[2020-03-09 09:59:38,232] INFO [GroupMetadataManager brokerId=0] Finished loading offsets and group metadata from __consumer_offsets-24 in 0 milliseconds. (kafka.coordinator.group.GroupMetadataManager)
[2020-03-09 09:59:38,232] INFO [GroupMetadataManager brokerId=0] Finished loading offsets and group metadata from __consumer_offsets-27 in 0 milliseconds. (kafka.coordinator.group.GroupMetadataManager)
[2020-03-09 09:59:38,232] INFO [GroupMetadataManager brokerId=0] Finished loading offsets and group metadata from __consumer_offsets-30 in 0 milliseconds. (kafka.coordinator.group.GroupMetadataManager)
[2020-03-09 09:59:38,233] INFO [GroupMetadataManager brokerId=0] Finished loading offsets and group metadata from __consumer_offsets-33 in 0 milliseconds. (kafka.coordinator.group.GroupMetadataManager)
[2020-03-09 09:59:38,233] INFO [GroupMetadataManager brokerId=0] Finished loading offsets and group metadata from __consumer_offsets-36 in 0 milliseconds. (kafka.coordinator.group.GroupMetadataManager)
[2020-03-09 09:59:38,233] INFO [GroupMetadataManager brokerId=0] Finished loading offsets and group metadata from __consumer_offsets-39 in 0 milliseconds. (kafka.coordinator.group.GroupMetadataManager)
[2020-03-09 09:59:38,237] INFO [GroupMetadataManager brokerId=0] Finished loading offsets and group metadata from __consumer_offsets-42 in 4 milliseconds. (kafka.coordinator.group.GroupMetadataManager)
[2020-03-09 09:59:38,237] INFO [GroupMetadataManager brokerId=0] Finished loading offsets and group metadata from __consumer_offsets-45 in 0 milliseconds. (kafka.coordinator.group.GroupMetadataManager)
[2020-03-09 09:59:38,237] INFO [GroupMetadataManager brokerId=0] Finished loading offsets and group metadata from __consumer_offsets-48 in 0 milliseconds. (kafka.coordinator.group.GroupMetadataManager)
[2020-03-09 10:09:37,438] INFO [GroupMetadataManager brokerId=0] Removed 0 expired offsets in 0 milliseconds. (kafka.coordinator.group.GroupMetadataManager)
[2020-03-09 10:19:37,438] INFO [GroupMetadataManager brokerId=0] Removed 0 expired offsets in 0 milliseconds. (kafka.coordinator.group.GroupMetadataManager)
[2020-03-09 10:29:37,438] INFO [GroupMetadataManager brokerId=0] Removed 0 expired offsets in 0 milliseconds. (kafka.coordinator.group.GroupMetadataManager)
[2020-03-09 10:39:37,438] INFO [GroupMetadataManager brokerId=0] Removed 0 expired offsets in 0 milliseconds. (kafka.coordinator.group.GroupMetadataManager)
[2020-03-09 10:49:37,438] INFO [GroupMetadataManager brokerId=0] Removed 0 expired offsets in 0 milliseconds. (kafka.coordinator.group.GroupMetadataManager)
